GROUP,PACKAGE,CLASS,INSTRUCTION_MISSED,INSTRUCTION_COVERED,BRANCH_MISSED,BRANCH_COVERED,LINE_MISSED,LINE_COVERED,COMPLEXITY_MISSED,COMPLEXITY_COVERED,METHOD_MISSED,METHOD_COVERED
code-coverage/domain,com.backend.shared,Location.LocationBuilder,20,32,2,2,0,1,3,5,1,5
code-coverage/domain,com.backend.shared,Location,10,74,5,11,0,13,5,6,0,3
code-coverage/domain,com.backend.happening,Event.EventBuilder,54,82,6,6,0,1,7,11,1,11
code-coverage/domain,com.backend.happening,Incident.IncidentBuilder,50,99,4,4,0,1,5,14,1,14
code-coverage/domain,com.backend.happening,Incident,28,251,12,24,2,48,12,18,0,12
code-coverage/domain,com.backend.happening,Event,32,197,8,20,0,40,8,15,0,9
code-coverage/domain,com.backend.user,Comment.CommentBuilder,24,34,3,3,0,1,4,5,1,5
code-coverage/domain,com.backend.user,Comment,15,62,3,9,0,12,3,6,0,3
